<?xml version="1.0" encoding="UTF-8"?>
<!-- Generated by org.testng.reporters.JUnitReportReporter -->
<testsuite skipped="0" hostname="EDZ-20170729POB" name="testcase.AppForRongBei" tests="1" failures="0" timestamp="18 六月 2019 09:42:28 GMT" time="30.552" errors="0">
  <testcase name="loginRongBei" time="30.552" classname="testcase.AppForRongBei"/>
</testsuite> <!-- testcase.AppForRongBei -->
