<?xml version="1.0" encoding="UTF-8"?>
<!-- Generated by org.testng.reporters.JUnitReportReporter -->
<testsuite skipped="0" hostname="EDZ-20170729POB" name="testcase.RongBeiTiXian" tests="1" failures="0" timestamp="28 六月 2019 08:11:35 GMT" time="72.528" errors="0">
  <testcase name="Recharge" time="72.528" classname="testcase.RongBeiTiXian"/>
</testsuite> <!-- testcase.RongBeiTiXian -->
